[2021-07-28T22:07:14Z] Model sharing key not found in directory: C:\TeklaStructuresModels\Nowy model 1\.
[2021-07-28T22:07:25Z] Save check ids callbacks (0 ms) solstoInitializeSolidCache(0 ms) CheckViewIdsBeforSaveCB(0 ms) ioCheckIdsBeforeSaveCB(0 ms) CheckLastSelectedViewIdBeforSaveCB(0 ms) srchCheckIdsBeforeSaveCB(0 ms) dbv::CheckFastCacheIdsBeforeSaveCB(0 ms) filCheckIdsBeforeSaveCB(0 ms) dglCheckIdsBeforeSaveCB(0 ms) solstoInitializeRestrictionBoxCache(0 ms) 
[2021-07-28T22:07:26Z] *** Save Model ***
[2021-07-28T22:07:26Z] Save check ids callbacks (0 ms) solstoInitializeSolidCache(0 ms) solstoInitializeRestrictionBoxCache(0 ms) 
[2021-07-28T22:07:26Z] *** Save Library ***
[2021-07-29T17:36:41Z] *** Open Library ***
[2021-07-29T17:36:41Z] Compact callbacks (0 ms) dbConflictManager_c/UpdateLibraryIdsAfterCompactingCB(0 ms) solstoInitializeSolidCache(0 ms) solstoInitializeRestrictionBoxCache(0 ms) 
[2021-07-29T17:36:42Z] *** Open Model ***
[2021-07-29T17:36:42Z] Compact callbacks (4 ms) ioUpdatePlotBufferAfterCompactingCB(0 ms) UpdateLastSelectedViewIdAfterCompactingCB(0 ms) IdsCompactedSelectDatabaseCB(0 ms) UpdateViewIdsAfterCompactingCB(0 ms) dbv::UpdateDbfastCachesCB(0 ms) srchUpdateSearchTreeAfterCompactingCB(0 ms) filUpdateViewFilterMapIdsAfterCompactingCB(0 ms) dglUpdatePlaneIdAfterCompactingCB(0 ms) dbConflictManager_c/UpdateModelIdsAfterCompactingCB(0 ms) solstoInitializeSolidCache(0 ms) solstoInitializeRestrictionBoxCache(0 ms) DrawingIdsChangedCB(4 ms) UpdateModelIdsAfterCompactingCB(0 ms) SketchRepository_c(0 ms) 
[2021-07-29T17:37:26Z] Model sharing key not found in directory: C:\TeklaStructuresModels\Nowy model 1\.
[2021-07-29T21:40:32Z] *** Open Library ***
[2021-07-29T21:40:32Z] Compact callbacks (0 ms) dbConflictManager_c/UpdateLibraryIdsAfterCompactingCB(0 ms) solstoInitializeSolidCache(0 ms) solstoInitializeRestrictionBoxCache(0 ms) 
[2021-07-29T21:40:32Z] *** Open Model ***
[2021-07-29T21:40:32Z] Compact callbacks (4 ms) ioUpdatePlotBufferAfterCompactingCB(0 ms) UpdateLastSelectedViewIdAfterCompactingCB(0 ms) IdsCompactedSelectDatabaseCB(0 ms) UpdateViewIdsAfterCompactingCB(0 ms) dbv::UpdateDbfastCachesCB(0 ms) srchUpdateSearchTreeAfterCompactingCB(0 ms) filUpdateViewFilterMapIdsAfterCompactingCB(0 ms) dglUpdatePlaneIdAfterCompactingCB(0 ms) dbConflictManager_c/UpdateModelIdsAfterCompactingCB(0 ms) solstoInitializeSolidCache(0 ms) solstoInitializeRestrictionBoxCache(0 ms) DrawingIdsChangedCB(4 ms) UpdateModelIdsAfterCompactingCB(0 ms) SketchRepository_c(0 ms) 
[2021-07-29T21:40:39Z] Model sharing key not found in directory: C:\TeklaStructuresModels\Nowy model 1\.
[2021-07-29T21:49:54Z] *** Open Library ***
[2021-07-29T21:49:54Z] Compact callbacks (0 ms) dbConflictManager_c/UpdateLibraryIdsAfterCompactingCB(0 ms) solstoInitializeSolidCache(0 ms) solstoInitializeRestrictionBoxCache(0 ms) 
[2021-07-29T21:49:54Z] *** Open Model ***
[2021-07-29T21:49:54Z] Compact callbacks (4 ms) ioUpdatePlotBufferAfterCompactingCB(0 ms) UpdateLastSelectedViewIdAfterCompactingCB(0 ms) IdsCompactedSelectDatabaseCB(0 ms) UpdateViewIdsAfterCompactingCB(0 ms) dbv::UpdateDbfastCachesCB(0 ms) srchUpdateSearchTreeAfterCompactingCB(0 ms) filUpdateViewFilterMapIdsAfterCompactingCB(0 ms) dglUpdatePlaneIdAfterCompactingCB(0 ms) dbConflictManager_c/UpdateModelIdsAfterCompactingCB(0 ms) solstoInitializeSolidCache(0 ms) solstoInitializeRestrictionBoxCache(0 ms) DrawingIdsChangedCB(4 ms) UpdateModelIdsAfterCompactingCB(0 ms) SketchRepository_c(0 ms) 
[2021-07-29T21:50:01Z] Model sharing key not found in directory: C:\TeklaStructuresModels\Nowy model 1\.
[2021-07-29T21:51:39Z] Compact callbacks (25 ms) ioUpdatePlotBufferAfterCompactingCB(0 ms) UpdateLastSelectedViewIdAfterCompactingCB(0 ms) IdsCompactedSelectDatabaseCB(0 ms) UpdateViewIdsAfterCompactingCB(0 ms) dbv::UpdateDbfastCachesCB(0 ms) srchUpdateSearchTreeAfterCompactingCB(0 ms) filUpdateViewFilterMapIdsAfterCompactingCB(0 ms) dglUpdatePlaneIdAfterCompactingCB(0 ms) SurfaceInitializeSurfaceModelContext(0 ms) dbConflictManager_c/UpdateModelIdsAfterCompactingCB(0 ms) solstoInitializeSolidCache(0 ms) solstoInitializeRestrictionBoxCache(0 ms) DrawingIdsChangedCB(1 ms) pour::PourModelContext_c(24 ms) SketchRepository_c(0 ms) pbgPourBreakGeometryObserver_c(0 ms) UpdateModelIdsAfterCompactingCB(0 ms) ReferenceGraphIdsCompactedCallback(0 ms) rbrSpatialInformation_c::UpdateAfterCompacting(0 ms) cmContinuousMaterialModelContext_c(0 ms) cmContinuousMaterialObserver_c(0 ms) PourObserver_c(0 ms) SurfaceInitializeSurfaceCache(0 ms) UpdateCurrentUserIdAfterCompactingCB(0 ms) UpdateVirtualBarCacheIdsAfterCompactingCB(0 ms) ExtObjectRegistry(0 ms) CreateRepresentationHash(0 ms) 
[2021-07-29T21:51:39Z] Compact callbacks (0 ms) dbConflictManager_c/UpdateLibraryIdsAfterCompactingCB(0 ms) solstoInitializeSolidCache(0 ms) solstoInitializeRestrictionBoxCache(0 ms) SketchRepository_c(0 ms) 
[2021-07-29T21:51:39Z] Compact callbacks (0 ms) ioUpdatePlotBufferAfterCompactingCB(0 ms) UpdateLastSelectedViewIdAfterCompactingCB(0 ms) IdsCompactedSelectDatabaseCB(0 ms) UpdateViewIdsAfterCompactingCB(0 ms) dbv::UpdateDbfastCachesCB(0 ms) srchUpdateSearchTreeAfterCompactingCB(0 ms) filUpdateViewFilterMapIdsAfterCompactingCB(0 ms) dglUpdatePlaneIdAfterCompactingCB(0 ms) SurfaceInitializeSurfaceModelContext(0 ms) dbConflictManager_c/UpdateModelIdsAfterCompactingCB(0 ms) solstoInitializeSolidCache(0 ms) solstoInitializeRestrictionBoxCache(0 ms) DrawingIdsChangedCB(0 ms) pour::PourModelContext_c(0 ms) SketchRepository_c(0 ms) pbgPourBreakGeometryObserver_c(0 ms) UpdateModelIdsAfterCompactingCB(0 ms) ReferenceGraphIdsCompactedCallback(0 ms) rbrSpatialInformation_c::UpdateAfterCompacting(0 ms) cmContinuousMaterialModelContext_c(0 ms) cmContinuousMaterialObserver_c(0 ms) PourObserver_c(0 ms) SurfaceInitializeSurfaceCache(0 ms) UpdateCurrentUserIdAfterCompactingCB(0 ms) UpdateVirtualBarCacheIdsAfterCompactingCB(0 ms) ExtObjectRegistry(0 ms) CreateRepresentationHash(0 ms) 
[2021-07-29T21:51:39Z] Compact callbacks (0 ms) dbConflictManager_c/UpdateLibraryIdsAfterCompactingCB(0 ms) solstoInitializeSolidCache(0 ms) solstoInitializeRestrictionBoxCache(0 ms) SketchRepository_c(0 ms) 
[2021-07-29T21:51:40Z] Save check ids callbacks (1 ms) solstoInitializeSolidCache(0 ms) CheckViewIdsBeforSaveCB(0 ms) ioCheckIdsBeforeSaveCB(0 ms) CheckLastSelectedViewIdBeforSaveCB(0 ms) srchCheckIdsBeforeSaveCB(1 ms) dbv::CheckFastCacheIdsBeforeSaveCB(0 ms) filCheckIdsBeforeSaveCB(0 ms) dglCheckIdsBeforeSaveCB(0 ms) solstoInitializeRestrictionBoxCache(0 ms) 
[2021-07-29T21:51:41Z] *** Save Model ***
[2021-07-29T21:51:41Z] Save check ids callbacks (0 ms) solstoInitializeSolidCache(0 ms) solstoInitializeRestrictionBoxCache(0 ms) 
[2021-07-29T21:51:41Z] *** Save Library ***
[2021-07-29T21:51:42Z] Model sharing key not found in directory: C:\Users\katar\GitHub\app\APP_KJ\.
[2021-07-29T21:51:57Z] Save check ids callbacks (0 ms) solstoInitializeSolidCache(0 ms) CheckViewIdsBeforSaveCB(0 ms) ioCheckIdsBeforeSaveCB(0 ms) CheckLastSelectedViewIdBeforSaveCB(0 ms) srchCheckIdsBeforeSaveCB(0 ms) dbv::CheckFastCacheIdsBeforeSaveCB(0 ms) filCheckIdsBeforeSaveCB(0 ms) dglCheckIdsBeforeSaveCB(0 ms) solstoInitializeRestrictionBoxCache(0 ms) 
[2021-07-29T21:51:57Z] *** Save Model ***
[2021-07-29T21:51:57Z] Save check ids callbacks (0 ms) solstoInitializeSolidCache(0 ms) solstoInitializeRestrictionBoxCache(0 ms) 
[2021-07-29T21:51:57Z] *** Save Library ***
